#
# A fatal error has been detected by the Java Runtime Environment:
#
#  SIGSEGV (0xb) at pc=0x00007fffb9298029, pid=677, tid=0x0000000000000307
#
# JRE version: Java(TM) SE Runtime Environment (8.0_121-b13) (build 1.8.0_121-b13)
# Java VM: Java HotSpot(TM) 64-Bit Server VM (25.121-b13 mixed mode bsd-amd64 compressed oops)
# Problematic frame:
# C  [libobjc.A.dylib+0x7029]  objc_msgSend+0x29
#
# Failed to write core dump. Core dumps have been disabled. To enable core dumping, try "ulimit -c unlimited" before starting Java again
#
# If you would like to submit a bug report, please visit:
#   http://bugreport.java.com/bugreport/crash.jsp
# The crash happened outside the Java Virtual Machine in native code.
# See problematic frame for where to report the bug.
#

---------------  T H R E A D  ---------------

Current thread (0x00007ff0e7a1e800):  JavaThread "AppKit Thread" daemon [_thread_in_native, id=775, stack(0x00007fff571a1000,0x00007fff579a1000)]

siginfo: si_signo: 11 (SIGSEGV), si_code: 1 (SEGV_MAPERR), si_addr: 0x0000000000000000

Registers:
RAX=0x0000000000000000, RBX=0x00007ff0e6475be0, RCX=0x0000000000000000, RDX=0x00000000000fbfa0
RSP=0x00007fff57999e78, RBP=0x00007fff57999ea0, RSI=0x00007fffa27597ab, RDI=0x00007ff0e659a960
R8 =0x0000000000000003, R9 =0x0000000000000000, R10=0x00007ff0e7a49000, R11=0x0000000000000000
R12=0x0000000000000094, R13=0x00007fffa273c17f, R14=0x00007ff0e659a960, R15=0x0000000000000000
RIP=0x00007fffb9298029, EFLAGS=0x0000000000010246, ERR=0x0000000000000004
  TRAPNO=0x000000000000000e

Top of Stack: (sp=0x00007fff57999e78)
0x00007fff57999e78:   0000000125e98598 00007ff0e6475be0
0x00007fff57999e88:   0000000125eccc60 00007ff0e6745810
0x00007fff57999e98:   00007ff0e6745810 00007fff5799a410
0x00007fff57999ea8:   00007fffa1c28e7b 0000000000000000
0x00007fff57999eb8:   0000000000000000 4082c00000000000
0x00007fff57999ec8:   4082c00000000000 0000000000000000
0x00007fff57999ed8:   0000000000000000 4082c00000000000
0x00007fff57999ee8:   4082c00000000000 00007fff57999f10
0x00007fff57999ef8:   00007fffa477da29 0000000000000b40
0x00007fff57999f08:   ffff800f19a76dc0 00007ff0e6589240
0x00007fff57999f18:   00007fffc2a3a480 00007fff57999f80
0x00007fff57999f28:   00007fffb92a0095 00007fffc2a3afc0
0x00007fff57999f38:   00000001a26f4100 00007ff0e6589240
0x00007fff57999f48:   ffff800f19a76dc0 00007ff0e8241bb0
0x00007fff57999f58:   00007ff0e6572d70 00007fffa26f4100
0x00007fff57999f68:   00007ff0e6475be0 00007fffb9298000
0x00007fff57999f78:   00007fff57999fe0 00007fff57999fd0
0x00007fff57999f88:   00007fffa230291f 401c000000000000
0x00007fff57999f98:   4082e00000000000 404b000000000000
0x00007fff57999fa8:   0000000000000000 00007fff00000000
0x00007fff57999fb8:   0000000000000000 00007fffa270dbb8
0x00007fff57999fc8:   00007ff0e6572d00 000000015799a020
0x00007fff57999fd8:   00007ff0e6572d70 0000000000000088
0x00007fff57999fe8:   00007ff0e6530cd0 014b000000000000
0x00007fff57999ff8:   00007ff0e6475be0 00007fff5799a020
0x00007fff5799a008:   00007ff0e6572d70 00000000000009e8
0x00007fff5799a018:   000000000000009a 00007fff5799a0b0
0x00007fff5799a028:   00007fffb9d204de 0000100000000000
0x00007fff5799a038:   00007ff0e649e070 000000010827b000
0x00007fff5799a048:   00007ff0e64fc080 00007ff0e649e7b0
0x00007fff5799a058:   0000000000000001 00007fff5799a0f0
0x00007fff5799a068:   00007fffb9d204de 00000000000009ce 

Instructions: (pc=0x00007fffb9298029)
0x00007fffb9298009:   01 2e 75 66 49 ba f8 ff ff ff ff 7f 00 00 4c 23
0x00007fffb9298019:   17 49 89 f3 45 23 5a 18 49 c1 e3 04 4d 03 5a 10
0x00007fffb9298029:   49 3b 33 75 04 41 ff 63 08 49 83 3b 01 76 0d 49
0x00007fffb9298039:   83 c3 10 49 3b 33 75 f1 41 ff 63 08 72 64 4d 8b 

Register to memory mapping:

RAX=0x0000000000000000 is an unknown value
RBX=0x00007ff0e6475be0 is an unknown value
RCX=0x0000000000000000 is an unknown value
RDX=0x00000000000fbfa0 is an unknown value
RSP=0x00007fff57999e78 is pointing into the stack for thread: 0x00007ff0e7a1e800
RBP=0x00007fff57999ea0 is pointing into the stack for thread: 0x00007ff0e7a1e800
RSI=0x00007fffa27597ab: __NSStyleNameIndexTable+0xe03f3 in /System/Library/Frameworks/AppKit.framework/Versions/C/AppKit at 0x00007fffa1a8c000
RDI=0x00007ff0e659a960 is an unknown value
R8 =0x0000000000000003 is an unknown value
R9 =0x0000000000000000 is an unknown value
R10=0x00007ff0e7a49000 is a thread
R11=0x0000000000000000 is an unknown value
R12=0x0000000000000094 is an unknown value
R13=0x00007fffa273c17f: __NSStyleNameIndexTable+0xc2dc7 in /System/Library/Frameworks/AppKit.framework/Versions/C/AppKit at 0x00007fffa1a8c000
R14=0x00007ff0e659a960 is an unknown value
R15=0x0000000000000000 is an unknown value


Stack: [0x00007fff571a1000,0x00007fff579a1000],  sp=0x00007fff57999e78,  free space=8163k
Native frames: (J=compiled Java code, j=interpreted, Vv=VM code, C=native code)
C  [libobjc.A.dylib+0x7029]  objc_msgSend+0x29
C  [AppKit+0x19ce7b]  -[NSView _recursiveDisplayRectIfNeededIgnoringOpacity:isVisibleRect:rectIsVisibleRectForView:topView:]+0x6ee
C  [AppKit+0x19d6d1]  -[NSView _recursiveDisplayRectIfNeededIgnoringOpacity:isVisibleRect:rectIsVisibleRectForView:topView:]+0xf44
C  [AppKit+0x19c2af]  -[NSThemeFrame _recursiveDisplayRectIfNeededIgnoringOpacity:isVisibleRect:rectIsVisibleRectForView:topView:]+0x14e
C  [AppKit+0x19a6d8]  -[NSView _displayRectIgnoringOpacity:isVisibleRect:rectIsVisibleRectForView:]+0x994
C  [AppKit+0x195fca]  -[NSView displayIfNeeded]+0x6d4
C  [AppKit+0x1958db]  -[NSWindow displayIfNeeded]+0xe6
C  [AppKit+0x8f5cb4]  ___NSWindowGetDisplayCycleObserver_block_invoke.6228+0x115
C  [AppKit+0x1953b9]  __37+[NSDisplayCycle currentDisplayCycle]_block_invoke+0x1c6
C  [QuartzCore+0x11da6]  _ZN2CA11Transaction19run_commit_handlersE18CATransactionPhase+0x2e
C  [QuartzCore+0x11b8d8]  _ZN2CA7Context18commit_transactionEPNS_11TransactionE+0xa0
C  [QuartzCore+0x10881]  _ZN2CA11Transaction6commitEv+0x1db
C  [AppKit+0x4788b1]  __37+[NSDisplayCycle currentDisplayCycle]_block_invoke.31+0x143
C  [CoreFoundation+0xa3de7]  __CFRUNLOOP_IS_CALLING_OUT_TO_AN_OBSERVER_CALLBACK_FUNCTION__+0x17
C  [CoreFoundation+0xa3d57]  __CFRunLoopDoObservers+0x187
C  [CoreFoundation+0x84b09]  __CFRunLoopRun+0x369
C  [CoreFoundation+0x84544]  CFRunLoopRunSpecific+0x1a4
C  [HIToolbox+0x30ebc]  RunCurrentEventLoopInMode+0xf0
C  [HIToolbox+0x30bf9]  ReceiveNextEventCommon+0xb8
C  [HIToolbox+0x30b26]  _BlockUntilNextEventMatchingListInModeWithFilter+0x47
C  [AppKit+0x46a54]  _DPSNextEvent+0x460
C  [AppKit+0x7c27ee]  -[NSApplication(NSEvent) _nextEventMatchingEventMask:untilDate:inMode:dequeue:]+0xaec
C  [libosxapp.dylib+0x23aa]  -[NSApplicationAWT nextEventMatchingMask:untilDate:inMode:dequeue:]+0x7c
C  [AppKit+0x3b3db]  -[NSApplication run]+0x39e
C  [libosxapp.dylib+0x214d]  +[NSApplicationAWT runAWTLoopWithApp:]+0x9c
C  [libawt_lwawt.dylib+0x45ff7]  -[AWTStarter starter:]+0x389
C  [Foundation+0x717ba]  __NSThreadPerformPerform+0x146
C  [CoreFoundation+0xa43e1]  __CFRUNLOOP_IS_CALLING_OUT_TO_A_SOURCE0_PERFORM_FUNCTION__+0x11
C  [CoreFoundation+0x8565c]  __CFRunLoopDoSources0+0x22c
C  [CoreFoundation+0x84b46]  __CFRunLoopRun+0x3a6
C  [CoreFoundation+0x84544]  CFRunLoopRunSpecific+0x1a4
C  [java+0x6465]  CreateExecutionEnvironment+0x367
C  [java+0x218c]  JLI_Launch+0x7a0
C  [java+0x84c2]  main+0x65
C  [java+0x19e4]  start+0x34
C  0x0000000000000006


---------------  P R O C E S S  ---------------

Java Threads: ( => current thread )
  0x00007ff0e69c8000 JavaThread "AWT-Shutdown" [_thread_blocked, id=44059, stack(0x0000700001f57000,0x0000700002057000)]
  0x00007ff0e71dc800 JavaThread "DestroyJavaVM" [_thread_blocked, id=7171, stack(0x00007000020e0000,0x00007000021e0000)]
  0x00007ff0e7a49000 JavaThread "LWJGL Application" [_thread_in_native, id=72459, stack(0x0000700003422000,0x0000700003522000)]
=>0x00007ff0e7a1e800 JavaThread "AppKit Thread" daemon [_thread_in_native, id=775, stack(0x00007fff571a1000,0x00007fff579a1000)]
  0x00007ff0e7015000 JavaThread "Service Thread" daemon [_thread_blocked, id=19203, stack(0x0000700002e07000,0x0000700002f07000)]
  0x00007ff0e80b1000 JavaThread "C1 CompilerThread2" daemon [_thread_blocked, id=18691, stack(0x0000700002d04000,0x0000700002e04000)]
  0x00007ff0e80b0000 JavaThread "C2 CompilerThread1" daemon [_thread_blocked, id=18179, stack(0x0000700002c01000,0x0000700002d01000)]
  0x00007ff0e7904800 JavaThread "C2 CompilerThread0" daemon [_thread_blocked, id=17667, stack(0x0000700002afe000,0x0000700002bfe000)]
  0x00007ff0e80af800 JavaThread "Monitor Ctrl-Break" daemon [_thread_in_native, id=17155, stack(0x00007000029fb000,0x0000700002afb000)]
  0x00007ff0e7014800 JavaThread "Signal Dispatcher" daemon [_thread_blocked, id=16643, stack(0x00007000028f8000,0x00007000029f8000)]
  0x00007ff0e700c800 JavaThread "Finalizer" daemon [_thread_blocked, id=12547, stack(0x00007000027f5000,0x00007000028f5000)]
  0x00007ff0e7803000 JavaThread "Reference Handler" daemon [_thread_blocked, id=12035, stack(0x00007000026f2000,0x00007000027f2000)]

Other Threads:
  0x00007ff0e800b000 VMThread [stack: 0x00007000025ef000,0x00007000026ef000] [id=11523]
  0x00007ff0e68bd000 WatcherThread [stack: 0x0000700002f0a000,0x000070000300a000] [id=19715]

VM state:not at safepoint (normal execution)

VM Mutex/Monitor currently owned by a thread: None

Heap:
 PSYoungGen      total 47616K, used 22352K [0x000000078ab00000, 0x000000078e000000, 0x00000007c0000000)
  eden space 40960K, 54% used [0x000000078ab00000,0x000000078c0d42e0,0x000000078d300000)
  from space 6656K, 0% used [0x000000078d980000,0x000000078d980000,0x000000078e000000)
  to   space 6656K, 0% used [0x000000078d300000,0x000000078d300000,0x000000078d980000)
 ParOldGen       total 109568K, used 0K [0x0000000720000000, 0x0000000726b00000, 0x000000078ab00000)
  object space 109568K, 0% used [0x0000000720000000,0x0000000720000000,0x0000000726b00000)
 Metaspace       used 8479K, capacity 8635K, committed 8832K, reserved 1056768K
  class space    used 832K, capacity 888K, committed 896K, reserved 1048576K

Card table byte_map: [0x0000000109f62000,0x000000010a463000] byte_map_base: 0x0000000106662000

Marking Bits: (ParMarkBitMap*) 0x00000001094f0d30
 Begin Bits: [0x000000010a7b9000, 0x000000010cfb9000)
 End Bits:   [0x000000010cfb9000, 0x000000010f7b9000)

Polling page: 0x000000010831f000

CodeCache: size=245760Kb used=3532Kb max_used=3543Kb free=242228Kb
 bounds [0x00000001150d3000, 0x0000000115453000, 0x00000001240d3000]
 total_blobs=1357 nmethods=900 adapters=371
 compilation: enabled

Compilation events (10 events):
Event: 31.916 Thread 0x00007ff0e80b0000  895       4       com.badlogic.gdx.graphics.glutils.ShaderProgram::fetchUniformLocation (90 bytes)
Event: 31.926 Thread 0x00007ff0e80b0000 nmethod 895 0x000000011542cc10 code [0x000000011542cd80, 0x000000011542d238]
Event: 32.149 Thread 0x00007ff0e7904800  896       4       com.badlogic.gdx.graphics.glutils.IndexBufferObject::getNumIndices (19 bytes)
Event: 32.150 Thread 0x00007ff0e7904800 nmethod 896 0x00000001154281d0 code [0x0000000115428320, 0x0000000115428398]
Event: 33.568 Thread 0x00007ff0e80b0000  897       4       java.nio.Bits::makeInt (29 bytes)
Event: 33.569 Thread 0x00007ff0e80b0000 nmethod 897 0x0000000115417410 code [0x0000000115417540, 0x0000000115417598]
Event: 37.475 Thread 0x00007ff0e80b1000  898  s    3       org.lwjgl.opengl.EventQueue::putEvent (80 bytes)
Event: 37.476 Thread 0x00007ff0e80b1000 nmethod 898 0x00000001154320d0 code [0x0000000115432320, 0x00000001154333e8]
Event: 37.494 Thread 0x00007ff0e7904800  899       4       java.nio.DirectByteBuffer::put (18 bytes)
Event: 37.495 Thread 0x00007ff0e7904800 nmethod 899 0x0000000115431a90 code [0x0000000115431be0, 0x0000000115431c98]

GC Heap History (0 events):
No events

Deoptimization events (0 events):
No events

Internal exceptions (10 events):
Event: 0.591 Thread 0x00007ff0e680c000 Exception <a 'java/lang/NoSuchFieldError': method resolution failed> (0x000000078b2e9ff8) thrown at [/Users/java_re/workspace/8-2-build-macosx-x86_64/jdk8u121/8372/hotspot/src/share/vm/prims/methodHandles.cpp, line 1146]
Event: 0.596 Thread 0x00007ff0e680c000 Exception <a 'java/lang/NoSuchFieldError': method resolution failed> (0x000000078b2f7fb8) thrown at [/Users/java_re/workspace/8-2-build-macosx-x86_64/jdk8u121/8372/hotspot/src/share/vm/prims/methodHandles.cpp, line 1146]
Event: 0.935 Thread 0x00007ff0e680c000 Exception <a 'java/io/FileNotFoundException'> (0x000000078b39a4d0) thrown at [/Users/java_re/workspace/8-2-build-macosx-x86_64/jdk8u121/8372/hotspot/src/share/vm/prims/jni.cpp, line 709]
Event: 0.935 Thread 0x00007ff0e680c000 Exception <a 'java/io/FileNotFoundException'> (0x000000078b39b038) thrown at [/Users/java_re/workspace/8-2-build-macosx-x86_64/jdk8u121/8372/hotspot/src/share/vm/prims/jni.cpp, line 709]
Event: 0.975 Thread 0x00007ff0e680c000 Exception <a 'java/security/PrivilegedActionException'> (0x000000078b4c5ad0) thrown at [/Users/java_re/workspace/8-2-build-macosx-x86_64/jdk8u121/8372/hotspot/src/share/vm/prims/jvm.cpp, line 1390]
Event: 0.975 Thread 0x00007ff0e680c000 Exception <a 'java/security/PrivilegedActionException'> (0x000000078b4c76b8) thrown at [/Users/java_re/workspace/8-2-build-macosx-x86_64/jdk8u121/8372/hotspot/src/share/vm/prims/jvm.cpp, line 1390]
Event: 0.975 Thread 0x00007ff0e680c000 Exception <a 'java/security/PrivilegedActionException'> (0x000000078b4c87d8) thrown at [/Users/java_re/workspace/8-2-build-macosx-x86_64/jdk8u121/8372/hotspot/src/share/vm/prims/jvm.cpp, line 1390]
Event: 0.976 Thread 0x00007ff0e680c000 Exception <a 'java/security/PrivilegedActionException'> (0x000000078b4cdcd0) thrown at [/Users/java_re/workspace/8-2-build-macosx-x86_64/jdk8u121/8372/hotspot/src/share/vm/prims/jvm.cpp, line 1390]
Event: 0.976 Thread 0x00007ff0e680c000 Exception <a 'java/security/PrivilegedActionException'> (0x000000078b4ce928) thrown at [/Users/java_re/workspace/8-2-build-macosx-x86_64/jdk8u121/8372/hotspot/src/share/vm/prims/jvm.cpp, line 1390]
Event: 0.976 Thread 0x00007ff0e680c000 Exception <a 'java/security/PrivilegedActionException'> (0x000000078b4cf550) thrown at [/Users/java_re/workspace/8-2-build-macosx-x86_64/jdk8u121/8372/hotspot/src/share/vm/prims/jvm.cpp, line 1390]

Events (10 events):
Event: 23.198 Thread 0x00007ff0e7afb800 Thread exited: 0x00007ff0e7afb800
Event: 26.961 Thread 0x00007ff0e7afb800 Thread added: 0x00007ff0e7afb800
Event: 35.912 Executing VM operation: RevokeBias
Event: 35.912 Executing VM operation: RevokeBias done
Event: 35.912 Thread 0x00007ff0e7afb800 Thread exited: 0x00007ff0e7afb800
Event: 37.367 Thread 0x00007ff0e69c8000 Thread added: 0x00007ff0e69c8000
Event: 37.477 loading class com/badlogic/gdx/backends/lwjgl/LwjglApplication$2
Event: 37.477 loading class com/badlogic/gdx/backends/lwjgl/LwjglApplication$2 done
Event: 37.493 loading class org/lwjgl/opengl/CallbackUtil
Event: 37.493 loading class org/lwjgl/opengl/CallbackUtil done


Dynamic libraries:
0x000000002ea7c000 	/System/Library/Frameworks/Cocoa.framework/Versions/A/Cocoa
0x000000002ea7c000 	/System/Library/Frameworks/Security.framework/Versions/A/Security
0x000000002ea7c000 	/System/Library/Frameworks/ApplicationServices.framework/Versions/A/ApplicationServices
0x000000002ea7c000 	/usr/lib/libz.1.dylib
0x000000002ea7c000 	/usr/lib/libSystem.B.dylib
0x000000002ea7c000 	/usr/lib/libobjc.A.dylib
0x000000002ea7c000 	/System/Library/Frameworks/CoreFoundation.framework/Versions/A/CoreFoundation
0x000000002ea7c000 	/System/Library/Frameworks/Foundation.framework/Versions/C/Foundation
0x000000002ea7c000 	/System/Library/Frameworks/AppKit.framework/Versions/C/AppKit
0x000000002ea7c000 	/System/Library/Frameworks/CoreData.framework/Versions/A/CoreData
0x000000002ea7c000 	/System/Library/PrivateFrameworks/RemoteViewServices.framework/Versions/A/RemoteViewServices
0x000000002ea7c000 	/System/Library/PrivateFrameworks/UIFoundation.framework/Versions/A/UIFoundation
0x000000002ea7c000 	/System/Library/PrivateFrameworks/DFRFoundation.framework/Versions/A/DFRFoundation
0x000000002ea7c000 	/usr/lib/libenergytrace.dylib
0x000000002ea7c000 	/System/Library/PrivateFrameworks/SkyLight.framework/Versions/A/SkyLight
0x000000002ea7c000 	/System/Library/Frameworks/CoreGraphics.framework/Versions/A/CoreGraphics
0x000000002ea7c000 	/usr/lib/libScreenReader.dylib
0x000000002ea7c000 	/System/Library/Frameworks/Accelerate.framework/Versions/A/Accelerate
0x000000002ea7c000 	/System/Library/Frameworks/IOSurface.framework/Versions/A/IOSurface
0x000000002ea7c000 	/System/Library/Frameworks/AudioToolbox.framework/Versions/A/AudioToolbox
0x000000002ea7c000 	/System/Library/Frameworks/AudioUnit.framework/Versions/A/AudioUnit
0x000000002ea7c000 	/System/Library/PrivateFrameworks/DataDetectorsCore.framework/Versions/A/DataDetectorsCore
0x000000002ea7c000 	/System/Library/PrivateFrameworks/DesktopServicesPriv.framework/Versions/A/DesktopServicesPriv
0x000000002ea7c000 	/System/Library/Frameworks/Carbon.framework/Versions/A/Frameworks/HIToolbox.framework/Versions/A/HIToolbox
0x000000002ea7c000 	/usr/lib/libicucore.A.dylib
0x000000002ea7c000 	/System/Library/Frameworks/QuartzCore.framework/Versions/A/QuartzCore
0x000000002ea7c000 	/System/Library/Frameworks/Carbon.framework/Versions/A/Frameworks/SpeechRecognition.framework/Versions/A/SpeechRecognition
0x000000002ea7c000 	/usr/lib/libauto.dylib
0x000000002ea7c000 	/usr/lib/libxml2.2.dylib
0x000000002ea7c000 	/System/Library/PrivateFrameworks/CoreUI.framework/Versions/A/CoreUI
0x000000002ea7c000 	/System/Library/Frameworks/CoreAudio.framework/Versions/A/CoreAudio
0x000000002ea7c000 	/System/Library/Frameworks/DiskArbitration.framework/Versions/A/DiskArbitration
0x000000002ea7c000 	/usr/lib/liblangid.dylib
0x000000002ea7c000 	/System/Library/PrivateFrameworks/MultitouchSupport.framework/Versions/A/MultitouchSupport
0x000000002ea7c000 	/System/Library/Frameworks/IOKit.framework/Versions/A/IOKit
0x000000002ea7c000 	/usr/lib/libDiagnosticMessagesClient.dylib
0x000000002ea7c000 	/System/Library/Frameworks/CoreServices.framework/Versions/A/CoreServices
0x000000002ea7c000 	/System/Library/PrivateFrameworks/PerformanceAnalysis.framework/Versions/A/PerformanceAnalysis
0x000000002ea7c000 	/System/Library/PrivateFrameworks/GenerationalStorage.framework/Versions/A/GenerationalStorage
0x000000002ea7c000 	/System/Library/Frameworks/OpenGL.framework/Versions/A/OpenGL
0x000000002ea7c000 	/System/Library/Frameworks/CoreImage.framework/Versions/A/CoreImage
0x000000002ea7c000 	/System/Library/Frameworks/CoreText.framework/Versions/A/CoreText
0x000000002ea7c000 	/System/Library/Frameworks/ImageIO.framework/Versions/A/ImageIO
0x000000002ea7c000 	/System/Library/PrivateFrameworks/Backup.framework/Versions/A/Backup
0x000000002ea7c000 	/usr/lib/libarchive.2.dylib
0x000000002ea7c000 	/System/Library/Frameworks/CFNetwork.framework/Versions/A/CFNetwork
0x000000002ea7c000 	/System/Library/Frameworks/SystemConfiguration.framework/Versions/A/SystemConfiguration
0x000000002ea7c000 	/usr/lib/libCRFSuite.dylib
0x000000002ea7c000 	/usr/lib/libc++.1.dylib
0x000000002ea7c000 	/usr/lib/libc++abi.dylib
0x000000002ea7c000 	/usr/lib/system/libcache.dylib
0x000000002ea7c000 	/usr/lib/system/libcommonCrypto.dylib
0x000000002ea7c000 	/usr/lib/system/libcompiler_rt.dylib
0x000000002ea7c000 	/usr/lib/system/libcopyfile.dylib
0x000000002ea7c000 	/usr/lib/system/libcorecrypto.dylib
0x000000002ea7c000 	/usr/lib/system/libdispatch.dylib
0x000000002ea7c000 	/usr/lib/system/libdyld.dylib
0x000000002ea7c000 	/usr/lib/system/libkeymgr.dylib
0x000000002ea7c000 	/usr/lib/system/liblaunch.dylib
0x000000002ea7c000 	/usr/lib/system/libmacho.dylib
0x000000002ea7c000 	/usr/lib/system/libquarantine.dylib
0x000000002ea7c000 	/usr/lib/system/libremovefile.dylib
0x000000002ea7c000 	/usr/lib/system/libsystem_asl.dylib
0x000000002ea7c000 	/usr/lib/system/libsystem_blocks.dylib
0x000000002ea7c000 	/usr/lib/system/libsystem_c.dylib
0x000000002ea7c000 	/usr/lib/system/libsystem_configuration.dylib
0x000000002ea7c000 	/usr/lib/system/libsystem_coreservices.dylib
0x000000002ea7c000 	/usr/lib/system/libsystem_coretls.dylib
0x000000002ea7c000 	/usr/lib/system/libsystem_dnssd.dylib
0x000000002ea7c000 	/usr/lib/system/libsystem_info.dylib
0x000000002ea7c000 	/usr/lib/system/libsystem_kernel.dylib
0x000000002ea7c000 	/usr/lib/system/libsystem_m.dylib
0x000000002ea7c000 	/usr/lib/system/libsystem_malloc.dylib
0x000000002ea7c000 	/usr/lib/system/libsystem_network.dylib
0x000000002ea7c000 	/usr/lib/system/libsystem_networkextension.dylib
0x000000002ea7c000 	/usr/lib/system/libsystem_notify.dylib
0x000000002ea7c000 	/usr/lib/system/libsystem_platform.dylib
0x000000002ea7c000 	/usr/lib/system/libsystem_pthread.dylib
0x000000002ea7c000 	/usr/lib/system/libsystem_sandbox.dylib
0x000000002ea7c000 	/usr/lib/system/libsystem_secinit.dylib
0x000000002ea7c000 	/usr/lib/system/libsystem_symptoms.dylib
0x000000002ea7c000 	/usr/lib/system/libsystem_trace.dylib
0x000000002ea7c000 	/usr/lib/system/libunwind.dylib
0x000000002ea7c000 	/usr/lib/system/libxpc.dylib
0x000000002ea7c000 	/usr/lib/libbsm.0.dylib
0x000000002ea7c000 	/usr/lib/system/libkxld.dylib
0x000000002ea7c000 	/usr/lib/libcoretls.dylib
0x000000002ea7c000 	/usr/lib/libcoretls_cfhelpers.dylib
0x000000002ea7c000 	/usr/lib/libOpenScriptingUtil.dylib
0x000000002ea7c000 	/usr/lib/libpam.2.dylib
0x000000002ea7c000 	/usr/lib/libsqlite3.dylib
0x000000002ea7c000 	/usr/lib/libxar.1.dylib
0x000000002ea7c000 	/usr/lib/libbz2.1.0.dylib
0x000000002ea7c000 	/usr/lib/liblzma.5.dylib
0x000000002ea7c000 	/usr/lib/libnetwork.dylib
0x000000002ea7c000 	/usr/lib/libpcap.A.dylib
0x000000002ea7c000 	/System/Library/Frameworks/CoreServices.framework/Versions/A/Frameworks/FSEvents.framework/Versions/A/FSEvents
0x000000002ea7c000 	/System/Library/Frameworks/CoreServices.framework/Versions/A/Frameworks/CarbonCore.framework/Versions/A/CarbonCore
0x000000002ea7c000 	/System/Library/Frameworks/CoreServices.framework/Versions/A/Frameworks/Metadata.framework/Versions/A/Metadata
0x000000002ea7c000 	/System/Library/Frameworks/CoreServices.framework/Versions/A/Frameworks/OSServices.framework/Versions/A/OSServices
0x000000002ea7c000 	/System/Library/Frameworks/CoreServices.framework/Versions/A/Frameworks/SearchKit.framework/Versions/A/SearchKit
0x000000002ea7c000 	/System/Library/Frameworks/CoreServices.framework/Versions/A/Frameworks/AE.framework/Versions/A/AE
0x000000002ea7c000 	/System/Library/Frameworks/CoreServices.framework/Versions/A/Frameworks/LaunchServices.framework/Versions/A/LaunchServices
0x000000002ea7c000 	/System/Library/Frameworks/CoreServices.framework/Versions/A/Frameworks/DictionaryServices.framework/Versions/A/DictionaryServices
0x000000002ea7c000 	/System/Library/Frameworks/CoreServices.framework/Versions/A/Frameworks/SharedFileList.framework/Versions/A/SharedFileList
0x000000002ea7c000 	/System/Library/Frameworks/NetFS.framework/Versions/A/NetFS
0x000000002ea7c000 	/System/Library/PrivateFrameworks/NetAuth.framework/Versions/A/NetAuth
0x000000002ea7c000 	/System/Library/PrivateFrameworks/login.framework/Versions/A/Frameworks/loginsupport.framework/Versions/A/loginsupport
0x000000002ea7c000 	/System/Library/PrivateFrameworks/TCC.framework/Versions/A/TCC
0x000000002ea7c000 	/usr/lib/libmecabra.dylib
0x000000002ea7c000 	/System/Library/Frameworks/ApplicationServices.framework/Versions/A/Frameworks/ATS.framework/Versions/A/ATS
0x000000002ea7c000 	/System/Library/Frameworks/ApplicationServices.framework/Versions/A/Frameworks/ColorSync.framework/Versions/A/ColorSync
0x000000002ea7c000 	/System/Library/Frameworks/ApplicationServices.framework/Versions/A/Frameworks/HIServices.framework/Versions/A/HIServices
0x000000002ea7c000 	/System/Library/Frameworks/ApplicationServices.framework/Versions/A/Frameworks/LangAnalysis.framework/Versions/A/LangAnalysis
0x000000002ea7c000 	/System/Library/Frameworks/ApplicationServices.framework/Versions/A/Frameworks/PrintCore.framework/Versions/A/PrintCore
0x000000002ea7c000 	/System/Library/Frameworks/ApplicationServices.framework/Versions/A/Frameworks/QD.framework/Versions/A/QD
0x000000002ea7c000 	/System/Library/Frameworks/ApplicationServices.framework/Versions/A/Frameworks/SpeechSynthesis.framework/Versions/A/SpeechSynthesis
0x000000002ea7c000 	/System/Library/Frameworks/Accelerate.framework/Versions/A/Frameworks/vImage.framework/Versions/A/vImage
0x000000002ea7c000 	/System/Library/Frameworks/Accelerate.framework/Versions/A/Frameworks/vecLib.framework/Versions/A/vecLib
0x000000002ea7c000 	/System/Library/Frameworks/Accelerate.framework/Versions/A/Frameworks/vecLib.framework/Versions/A/libvDSP.dylib
0x000000002ea7c000 	/System/Library/Frameworks/Accelerate.framework/Versions/A/Frameworks/vecLib.framework/Versions/A/libBNNS.dylib
0x000000002ea7c000 	/System/Library/Frameworks/Accelerate.framework/Versions/A/Frameworks/vecLib.framework/Versions/A/libQuadrature.dylib
0x000000002ea7c000 	/System/Library/Frameworks/Accelerate.framework/Versions/A/Frameworks/vecLib.framework/Versions/A/libvMisc.dylib
0x000000002ea7c000 	/System/Library/Frameworks/Accelerate.framework/Versions/A/Frameworks/vecLib.framework/Versions/A/libLAPACK.dylib
0x000000002ea7c000 	/System/Library/Frameworks/Accelerate.framework/Versions/A/Frameworks/vecLib.framework/Versions/A/libBLAS.dylib
0x000000002ea7c000 	/System/Library/Frameworks/Accelerate.framework/Versions/A/Frameworks/vecLib.framework/Versions/A/libLinearAlgebra.dylib
0x000000002ea7c000 	/System/Library/Frameworks/Accelerate.framework/Versions/A/Frameworks/vecLib.framework/Versions/A/libSparseBLAS.dylib
0x000000002ea7c000 	/System/Library/Frameworks/ApplicationServices.framework/Versions/A/Frameworks/ATS.framework/Versions/A/Resources/libFontParser.dylib
0x000000002ea7c000 	/System/Library/Frameworks/ApplicationServices.framework/Versions/A/Frameworks/ATS.framework/Versions/A/Resources/libFontRegistry.dylib
0x000000002ea7c000 	/System/Library/Frameworks/ImageIO.framework/Versions/A/Resources/libJPEG.dylib
0x000000002ea7c000 	/System/Library/Frameworks/ImageIO.framework/Versions/A/Resources/libTIFF.dylib
0x000000002ea7c000 	/System/Library/Frameworks/ImageIO.framework/Versions/A/Resources/libPng.dylib
0x000000002ea7c000 	/System/Library/Frameworks/ImageIO.framework/Versions/A/Resources/libGIF.dylib
0x000000002ea7c000 	/System/Library/Frameworks/ImageIO.framework/Versions/A/Resources/libJP2.dylib
0x000000002ea7c000 	/System/Library/Frameworks/ImageIO.framework/Versions/A/Resources/libRadiance.dylib
0x000000002ea7c000 	/usr/lib/libcompression.dylib
0x000000002ea7c000 	/System/Library/PrivateFrameworks/AppleJPEG.framework/Versions/A/AppleJPEG
0x000000002ea7c000 	/usr/lib/libcups.2.dylib
0x000000002ea7c000 	/System/Library/Frameworks/Kerberos.framework/Versions/A/Kerberos
0x000000002ea7c000 	/System/Library/Frameworks/GSS.framework/Versions/A/GSS
0x000000002ea7c000 	/usr/lib/libresolv.9.dylib
0x000000002ea7c000 	/usr/lib/libiconv.2.dylib
0x000000002ea7c000 	/System/Library/PrivateFrameworks/Heimdal.framework/Versions/A/Heimdal
0x000000002ea7c000 	/usr/lib/libheimdal-asn1.dylib
0x000000002ea7c000 	/System/Library/Frameworks/OpenDirectory.framework/Versions/A/OpenDirectory
0x000000002ea7c000 	/System/Library/PrivateFrameworks/CommonAuth.framework/Versions/A/CommonAuth
0x000000002ea7c000 	/System/Library/Frameworks/OpenDirectory.framework/Versions/A/Frameworks/CFOpenDirectory.framework/Versions/A/CFOpenDirectory
0x000000002ea7c000 	/System/Library/Frameworks/SecurityFoundation.framework/Versions/A/SecurityFoundation
0x000000002ea7c000 	/System/Library/PrivateFrameworks/LanguageModeling.framework/Versions/A/LanguageModeling
0x000000002ea7c000 	/usr/lib/libmarisa.dylib
0x000000002ea7c000 	/usr/lib/libChineseTokenizer.dylib
0x000000002ea7c000 	/usr/lib/libcmph.dylib
0x000000002ea7c000 	/System/Library/PrivateFrameworks/CoreEmoji.framework/Versions/A/CoreEmoji
0x000000002ea7c000 	/System/Library/Frameworks/ServiceManagement.framework/Versions/A/ServiceManagement
0x000000002ea7c000 	/usr/lib/libxslt.1.dylib
0x000000002ea7c000 	/System/Library/Frameworks/Carbon.framework/Versions/A/Frameworks/Ink.framework/Versions/A/Ink
0x000000002ea7c000 	/System/Library/PrivateFrameworks/TextureIO.framework/Versions/A/TextureIO
0x000000002ea7c000 	/System/Library/Frameworks/Metal.framework/Versions/A/Metal
0x000000002ea7c000 	/usr/lib/libate.dylib
0x000000002ea7c000 	/System/Library/PrivateFrameworks/GPUCompiler.framework/libmetal_timestamp.dylib
0x000000002ea7c000 	/System/Library/Frameworks/OpenGL.framework/Versions/A/Libraries/libCoreFSCache.dylib
0x000000002ea7c000 	/System/Library/PrivateFrameworks/IOAccelerator.framework/Versions/A/IOAccelerator
0x000000002ea7c000 	/System/Library/Frameworks/CoreVideo.framework/Versions/A/CoreVideo
0x000000002ea7c000 	/usr/lib/libFosl_dynamic.dylib
0x000000002ea7c000 	/System/Library/PrivateFrameworks/MetalPerformanceShaders.framework/Versions/A/MetalPerformanceShaders
0x000000002ea7c000 	/System/Library/PrivateFrameworks/FaceCore.framework/Versions/A/FaceCore
0x000000002ea7c000 	/System/Library/Frameworks/OpenCL.framework/Versions/A/OpenCL
0x000000002ea7c000 	/System/Library/Frameworks/OpenGL.framework/Versions/A/Libraries/libGLU.dylib
0x000000002ea7c000 	/System/Library/Frameworks/OpenGL.framework/Versions/A/Libraries/libGFXShared.dylib
0x000000002ea7c000 	/System/Library/Frameworks/OpenGL.framework/Versions/A/Libraries/libGL.dylib
0x000000002ea7c000 	/System/Library/Frameworks/OpenGL.framework/Versions/A/Libraries/libGLImage.dylib
0x000000002ea7c000 	/System/Library/Frameworks/OpenGL.framework/Versions/A/Libraries/libCVMSPluginSupport.dylib
0x000000002ea7c000 	/System/Library/Frameworks/OpenGL.framework/Versions/A/Libraries/libCoreVMClient.dylib
0x000000002ea7c000 	/System/Library/PrivateFrameworks/CrashReporterSupport.framework/Versions/A/CrashReporterSupport
0x000000002ea7c000 	/System/Library/PrivateFrameworks/Sharing.framework/Versions/A/Sharing
0x000000002ea7c000 	/System/Library/PrivateFrameworks/IconServices.framework/Versions/A/IconServices
0x000000002ea7c000 	/System/Library/PrivateFrameworks/ProtocolBuffer.framework/Versions/A/ProtocolBuffer
0x000000002ea7c000 	/System/Library/PrivateFrameworks/Apple80211.framework/Versions/A/Apple80211
0x000000002ea7c000 	/System/Library/Frameworks/CoreWLAN.framework/Versions/A/CoreWLAN
0x000000002ea7c000 	/System/Library/PrivateFrameworks/CoreUtils.framework/Versions/A/CoreUtils
0x000000002ea7c000 	/System/Library/Frameworks/IOBluetooth.framework/Versions/A/IOBluetooth
0x000000002ea7c000 	/System/Library/PrivateFrameworks/CoreWiFi.framework/Versions/A/CoreWiFi
0x000000002ea7c000 	/System/Library/Frameworks/CoreBluetooth.framework/Versions/A/CoreBluetooth
0x000000002ea7c000 	/System/Library/Frameworks/CoreDisplay.framework/Versions/A/CoreDisplay
0x000000002ea7c000 	/System/Library/PrivateFrameworks/IOPresentment.framework/Versions/A/IOPresentment
0x000000002ea7c000 	/System/Library/PrivateFrameworks/DSExternalDisplay.framework/Versions/A/DSExternalDisplay
0x000000002ea7c000 	/System/Library/PrivateFrameworks/DebugSymbols.framework/Versions/A/DebugSymbols
0x000000002ea7c000 	/System/Library/PrivateFrameworks/CoreSymbolication.framework/Versions/A/CoreSymbolication
0x000000002ea7c000 	/System/Library/PrivateFrameworks/Symbolication.framework/Versions/A/Symbolication
0x000000002ea7c000 	/System/Library/PrivateFrameworks/AppleFSCompression.framework/Versions/A/AppleFSCompression
0x000000002ea7c000 	/System/Library/PrivateFrameworks/SpeechRecognitionCore.framework/Versions/A/SpeechRecognitionCore
0x000000002ea7c000 	/System/Library/PrivateFrameworks/ChunkingLibrary.framework/Versions/A/ChunkingLibrary
0x0000000108c00000 	/Library/Java/JavaVirtualMachines/jdk1.8.0_121.jdk/Contents/Home/jre/lib/server/libjvm.dylib
0x000000002ea7c000 	/usr/lib/libstdc++.6.dylib
0x00000001082dc000 	/Library/Java/JavaVirtualMachines/jdk1.8.0_121.jdk/Contents/Home/jre/lib/libverify.dylib
0x00000001082ea000 	/Library/Java/JavaVirtualMachines/jdk1.8.0_121.jdk/Contents/Home/jre/lib/libjava.dylib
0x0000000108320000 	/Library/Java/JavaVirtualMachines/jdk1.8.0_121.jdk/Contents/Home/jre/lib/libinstrument.dylib
0x000000010837e000 	/Library/Java/JavaVirtualMachines/jdk1.8.0_121.jdk/Contents/Home/jre/lib/libzip.dylib
0x0000000111720000 	/System/Library/Frameworks/JavaVM.framework/Frameworks/JavaRuntimeSupport.framework/JavaRuntimeSupport
0x000000011173a000 	/System/Library/Frameworks/JavaVM.framework/Versions/A/Frameworks/JavaNativeFoundation.framework/Versions/A/JavaNativeFoundation
0x000000011174f000 	/System/Library/Frameworks/JavaVM.framework/Versions/A/JavaVM
0x000000002ea7c000 	/System/Library/Frameworks/Carbon.framework/Versions/A/Carbon
0x000000011175c000 	/System/Library/PrivateFrameworks/JavaLaunching.framework/Versions/A/JavaLaunching
0x000000002ea7c000 	/System/Library/Frameworks/Carbon.framework/Versions/A/Frameworks/CommonPanels.framework/Versions/A/CommonPanels
0x000000002ea7c000 	/System/Library/Frameworks/Carbon.framework/Versions/A/Frameworks/Help.framework/Versions/A/Help
0x000000002ea7c000 	/System/Library/Frameworks/Carbon.framework/Versions/A/Frameworks/ImageCapture.framework/Versions/A/ImageCapture
0x000000002ea7c000 	/System/Library/Frameworks/Carbon.framework/Versions/A/Frameworks/OpenScripting.framework/Versions/A/OpenScripting
0x000000002ea7c000 	/System/Library/Frameworks/Carbon.framework/Versions/A/Frameworks/Print.framework/Versions/A/Print
0x000000002ea7c000 	/System/Library/Frameworks/Carbon.framework/Versions/A/Frameworks/SecurityHI.framework/Versions/A/SecurityHI
0x00000001131f6000 	/Library/Java/JavaVirtualMachines/jdk1.8.0_121.jdk/Contents/Home/jre/lib/libnet.dylib
0x0000000113255000 	/private/var/folders/9w/jq_gvfxd68z3vgs57c7krbq00000gn/T/libgdxhoshi/6e213a1/libgdx64.dylib
0x000000011329f000 	/Library/Java/JavaVirtualMachines/jdk1.8.0_121.jdk/Contents/Home/jre/lib/libawt.dylib
0x0000000113347000 	/Library/Java/JavaVirtualMachines/jdk1.8.0_121.jdk/Contents/Home/jre/lib/./libmlib_image.dylib
0x0000000113413000 	/Library/Java/JavaVirtualMachines/jdk1.8.0_121.jdk/Contents/Home/jre/lib/libawt_lwawt.dylib
0x00000001134ca000 	/Library/Java/JavaVirtualMachines/jdk1.8.0_121.jdk/Contents/Home/jre/lib/./libosxapp.dylib
0x000000002ea7c000 	/System/Library/Frameworks/ExceptionHandling.framework/Versions/A/ExceptionHandling
0x000000002ea7c000 	/System/Library/PrivateFrameworks/CoreServicesInternal.framework/Versions/A/CoreServicesInternal
0x000000002ea7c000 	/System/Library/CoreServices/RawCamera.bundle/Contents/MacOS/RawCamera
0x000000002ea7c000 	/System/Library/Frameworks/Accelerate.framework/Versions/A/Frameworks/vImage.framework/Versions/A/Libraries/libCGInterfaces.dylib
0x000000002ea7c000 	/System/Library/Frameworks/ApplicationServices.framework/Versions/A/Frameworks/ATS.framework/Versions/A/Resources/libTrueTypeScaler.dylib
0x000000002ea7c000 	/System/Library/Frameworks/OpenGL.framework/Versions/A/Resources/GLEngine.bundle/GLEngine
0x000000002ea7c000 	/System/Library/Frameworks/OpenGL.framework/Versions/A/Libraries/libGLProgrammability.dylib
0x00000001242df000 	/System/Library/Extensions/AppleIntelHD3000GraphicsGLDriver.bundle/Contents/MacOS/AppleIntelHD3000GraphicsGLDriver
0x000000002ea7c000 	/System/Library/PrivateFrameworks/GPUSupport.framework/Versions/A/Libraries/libGPUSupport.dylib
0x000000002ea7c000 	/System/Library/Frameworks/OpenGL.framework/Versions/A/Resources/GLRendererFloat.bundle/GLRendererFloat
0x000000002ea7c000 	/System/Library/Frameworks/OpenCL.framework/Versions/A/Libraries/libcldcpuengine.dylib
0x000000002ea7c000 	/usr/lib/libcrypto.0.9.8.dylib
0x000000002ea7c000 	/System/Library/PrivateFrameworks/TrustEvaluationAgent.framework/Versions/A/TrustEvaluationAgent
0x000000002ea7c000 	/System/Library/PrivateFrameworks/FamilyControls.framework/Versions/A/FamilyControls
0x000000002ea7c000 	/System/Library/PrivateFrameworks/CommerceKit.framework/Versions/A/Frameworks/CommerceCore.framework/Versions/A/CommerceCore
0x000000002ea7c000 	/System/Library/PrivateFrameworks/SystemAdministration.framework/Versions/A/SystemAdministration
0x000000002ea7c000 	/System/Library/PrivateFrameworks/AppContainer.framework/Versions/A/AppContainer
0x000000002ea7c000 	/System/Library/PrivateFrameworks/SecCodeWrapper.framework/Versions/A/SecCodeWrapper
0x000000002ea7c000 	/System/Library/Frameworks/DirectoryService.framework/Versions/A/DirectoryService
0x000000002ea7c000 	/System/Library/PrivateFrameworks/DiskImages.framework/Versions/A/DiskImages
0x000000002ea7c000 	/System/Library/PrivateFrameworks/LoginUIKit.framework/Versions/A/Frameworks/LoginUICore.framework/Versions/A/LoginUICore
0x000000002ea7c000 	/usr/lib/libCoreStorage.dylib
0x000000002ea7c000 	/usr/lib/libcsfde.dylib
0x000000002ea7c000 	/usr/lib/libodfde.dylib
0x000000002ea7c000 	/System/Library/Frameworks/DiscRecording.framework/Versions/A/DiscRecording
0x000000002ea7c000 	/usr/lib/libcurl.4.dylib
0x000000002ea7c000 	/System/Library/PrivateFrameworks/MediaKit.framework/Versions/A/MediaKit
0x000000002ea7c000 	/System/Library/PrivateFrameworks/ProtectedCloudStorage.framework/Versions/A/ProtectedCloudStorage
0x000000002ea7c000 	/System/Library/PrivateFrameworks/EFILogin.framework/Versions/A/EFILogin
0x000000002ea7c000 	/usr/lib/libutil.dylib
0x000000002ea7c000 	/System/Library/Frameworks/LDAP.framework/Versions/A/LDAP
0x000000002ea7c000 	/usr/lib/libsasl2.2.dylib
0x000000002ea7c000 	/System/Library/PrivateFrameworks/CoreDaemon.framework/Versions/B/CoreDaemon
0x000000002ea7c000 	/System/Library/PrivateFrameworks/AppleSRP.framework/Versions/A/AppleSRP
0x000000002ea7c000 	/System/Library/PrivateFrameworks/APFS.framework/Versions/A/APFS
0x0000000125e27000 	/Library/Java/JavaVirtualMachines/jdk1.8.0_121.jdk/Contents/Home/jre/lib/libfontmanager.dylib
0x0000000125e8e000 	/private/var/folders/9w/jq_gvfxd68z3vgs57c7krbq00000gn/T/libgdxhoshi/f7649394/liblwjgl.dylib
0x0000000114102000 	/Library/Java/JavaVirtualMachines/jdk1.8.0_121.jdk/Contents/Home/jre/lib/libjawt.dylib
0x0000000125f10000 	/var/folders/9w/jq_gvfxd68z3vgs57c7krbq00000gn/T/libgdxhoshi/f7649394/openal.dylib
0x0000000125f7f000 	/System/Library/Components/CoreAudio.component/Contents/MacOS/CoreAudio
0x0000000124b2f000 	/System/Library/Extensions/AppleHDA.kext/Contents/PlugIns/AppleHDAHALPlugIn.bundle/Contents/MacOS/AppleHDAHALPlugIn
0x000000002ea7c000 	/System/Library/PrivateFrameworks/ViewBridge.framework/Versions/A/ViewBridge
0x000000002ea7c000 	/System/Library/PrivateFrameworks/XPCService.framework/Versions/A/XPCService
0x000000002ea7c000 	/System/Library/PrivateFrameworks/AppSandbox.framework/Versions/A/AppSandbox
0x000000002ea7c000 	/usr/lib/libsandbox.1.dylib
0x000000002ea7c000 	/usr/lib/libMatch.1.dylib

VM Arguments:
jvm_args: -javaagent:/Applications/IntelliJ IDEA CE.app/Contents/lib/idea_rt.jar=50499:/Applications/IntelliJ IDEA CE.app/Contents/bin -Dfile.encoding=UTF-8 
java_command: com.planarity.hoshi.desktop.DesktopLauncher
java_class_path (initial): /Library/Java/JavaVirtualMachines/jdk1.8.0_121.jdk/Contents/Home/jre/lib/charsets.jar:/Library/Java/JavaVirtualMachines/jdk1.8.0_121.jdk/Contents/Home/jre/lib/deploy.jar:/Library/Java/JavaVirtualMachines/jdk1.8.0_121.jdk/Contents/Home/jre/lib/ext/cldrdata.jar:/Library/Java/JavaVirtualMachines/jdk1.8.0_121.jdk/Contents/Home/jre/lib/ext/dnsns.jar:/Library/Java/JavaVirtualMachines/jdk1.8.0_121.jdk/Contents/Home/jre/lib/ext/jaccess.jar:/Library/Java/JavaVirtualMachines/jdk1.8.0_121.jdk/Contents/Home/jre/lib/ext/jfxrt.jar:/Library/Java/JavaVirtualMachines/jdk1.8.0_121.jdk/Contents/Home/jre/lib/ext/localedata.jar:/Library/Java/JavaVirtualMachines/jdk1.8.0_121.jdk/Contents/Home/jre/lib/ext/nashorn.jar:/Library/Java/JavaVirtualMachines/jdk1.8.0_121.jdk/Contents/Home/jre/lib/ext/sunec.jar:/Library/Java/JavaVirtualMachines/jdk1.8.0_121.jdk/Contents/Home/jre/lib/ext/sunjce_provider.jar:/Library/Java/JavaVirtualMachines/jdk1.8.0_121.jdk/Contents/Home/jre/lib/ext/sunpkcs11.jar:/Library/Java/JavaVirtualMachines/jdk1.8.0_121.jdk/Contents/Home/jre/lib/ext/zipfs.jar:/Library/Java/JavaVirtualMachines/jdk1.8.0_121.jdk/Contents/Home/jre/lib/javaws.jar:/Library/Java/JavaVirtualMachines/jdk1.8.0_121.jdk/Contents/Home/jre/lib/jce.jar:/Library/Java/JavaVirtualMachines/jdk1.8.0_121.jdk/Contents/Home/jre/lib/jfr.jar:/Library/Java/JavaVirtualMachines/jdk1.8.0_121.jdk/Contents/Home/jre/lib/jfxswt.jar:/Library/Java/JavaVirtualMachines/jdk1.8.0_121.jdk/Contents/Home/jre/lib/jsse.jar:/Library/Java/JavaVirtualMachines/jdk1.8.0_121.jdk/Contents/Home/jre/lib/management-agent.jar:/Library/Java/JavaVirtualMachines/jdk1.8.0_121.jdk/Contents/Home/jre/lib/plugin.jar:/Library/Java/JavaVirtualMachines/jdk1.8.0_121.jdk/Contents/Home/jre/lib/resources.jar:/Library/Java/JavaVirtualMachines/jdk1.8.0_121.jdk/Contents/Home/jre/lib/rt.jar:/Library/Java/JavaVirtualMachines/jdk1.8.0_121.jdk/Contents/Home/lib/ant-javafx.jar:/Library/Java/JavaVirtualMachines/jdk1.8.0_121.jdk/Contents/Home
Launcher Type: SUN_STANDARD

Environment Variables:
PATH=/usr/bin:/bin:/usr/sbin:/sbin
SHELL=/bin/zsh

Signal Handlers:
SIGSEGV: [libjvm.dylib+0x5b1141], sa_mask[0]=11111111011111110111111111111111, sa_flags=SA_ONSTACK|SA_RESTART|SA_SIGINFO
SIGBUS: [libjvm.dylib+0x5b1141], sa_mask[0]=11111111011111110111111111111111, sa_flags=SA_RESTART|SA_SIGINFO
SIGFPE: [libjvm.dylib+0x487bc4], sa_mask[0]=11111111011111110111111111111111, sa_flags=SA_RESTART|SA_SIGINFO
SIGPIPE: [libjvm.dylib+0x487bc4], sa_mask[0]=11111111011111110111111111111111, sa_flags=SA_RESTART|SA_SIGINFO
SIGXFSZ: [libjvm.dylib+0x487bc4], sa_mask[0]=11111111011111110111111111111111, sa_flags=SA_RESTART|SA_SIGINFO
SIGILL: [libjvm.dylib+0x487bc4], sa_mask[0]=11111111011111110111111111111111, sa_flags=SA_RESTART|SA_SIGINFO
SIGUSR1: SIG_DFL, sa_mask[0]=00000000000000000000000000000000, sa_flags=none
SIGUSR2: [libjvm.dylib+0x4876e2], sa_mask[0]=00100000000000000000000000000000, sa_flags=SA_RESTART|SA_SIGINFO
SIGHUP: [libjvm.dylib+0x485cb9], sa_mask[0]=11111111011111110111111111111111, sa_flags=SA_RESTART|SA_SIGINFO
SIGINT: [libjvm.dylib+0x485cb9], sa_mask[0]=11111111011111110111111111111111, sa_flags=SA_RESTART|SA_SIGINFO
SIGTERM: [libjvm.dylib+0x485cb9], sa_mask[0]=11111111011111110111111111111111, sa_flags=SA_RESTART|SA_SIGINFO
SIGQUIT: [libjvm.dylib+0x485cb9], sa_mask[0]=11111111011111110111111111111111, sa_flags=SA_RESTART|SA_SIGINFO


---------------  S Y S T E M  ---------------

OS:Bsduname:Darwin 16.6.0 Darwin Kernel Version 16.6.0: Fri Apr 14 16:21:16 PDT 2017; root:xnu-3789.60.24~6/RELEASE_X86_64 x86_64
rlimit: STACK 8192k, CORE 0k, NPROC 709, NOFILE 10240, AS infinity
load average:2.73 2.77 2.42

CPU:total 4 (2 cores per cpu, 2 threads per core) family 6 model 42 stepping 7, cmov, cx8, fxsr, mmx, sse, sse2, sse3, ssse3, sse4.1, sse4.2, popcnt, avx, aes, clmul, ht, tsc, tscinvbit

Memory: 4k page, physical 10485760k(83488k free)

/proc/meminfo:


vm_info: Java HotSpot(TM) 64-Bit Server VM (25.121-b13) for bsd-amd64 JRE (1.8.0_121-b13), built on Dec 12 2016 20:39:32 by "java_re" with gcc 4.2.1 (Based on Apple Inc. build 5658) (LLVM build 2336.11.00)

time: Sat Jul 15 18:05:49 2017
elapsed time: 37 seconds (0d 0h 0m 37s)

